[2026-03-24 13:39:03] [WARNING ] 无法加载 readline 模块，输入历史记录不可用
[2026-03-24 13:39:03] [INFO    ] CLI 已启动
[2026-03-24 13:39:17] [INFO    ] 添加用户记忆: qwed...
[2026-03-24 13:39:17] [INFO    ] 添加 AI 回复到记忆
[2026-03-24 13:39:32] [WARNING ] 无法加载 readline 模块，输入历史记录不可用
[2026-03-24 13:39:32] [INFO    ] CLI 已启动
[2026-03-24 13:39:35] [INFO    ] 添加用户记忆: 123...
[2026-03-24 13:39:35] [INFO    ] 添加 AI 回复到记忆
[2026-03-24 13:39:46] [INFO    ] 添加用户记忆: 你好 我是小李...
[2026-03-24 13:39:46] [INFO    ] 添加 AI 回复到记忆
[2026-03-24 13:39:52] [INFO    ] 添加用户记忆: 我是谁...
[2026-03-24 13:39:52] [INFO    ] 添加 AI 回复到记忆
[2026-03-24 13:40:30] [DEBUG   ] 显示帮助信息
[2026-03-24 13:40:59] [INFO    ] 显示记忆列表，共 8 条
[2026-03-24 13:42:58] [INFO    ] 添加用户记忆: 但求无过杜高犬对去打工去1...
[2026-03-24 13:42:58] [INFO    ] 添加 AI 回复到记忆
[2026-03-24 13:43:02] [INFO    ] 显示记忆列表，共 10 条
[2026-03-24 13:43:06] [DEBUG   ] 显示帮助信息
[2026-03-24 13:43:15] [INFO    ] 添加用户记忆: 但求无过杜高犬对去打工去1...
[2026-03-24 13:43:15] [INFO    ] 添加 AI 回复到记忆
[2026-03-24 13:43:22] [INFO    ] 显示记忆列表，共 12 条
[2026-03-24 13:47:45] [WARNING ] 无法加载 readline 模块，输入历史记录不可用
[2026-03-24 13:47:45] [INFO    ] CLI 已启动
[2026-03-24 13:47:48] [INFO    ] 添加用户记忆: 12...
[2026-03-24 13:47:48] [INFO    ] 添加 AI 回复到记忆
[2026-03-24 13:47:50] [INFO    ] 添加用户记忆: 13124124...
[2026-03-24 13:47:50] [INFO    ] 添加 AI 回复到记忆
[2026-03-24 13:47:51] [INFO    ] 添加用户记忆: 14...
[2026-03-24 13:47:51] [INFO    ] 添加 AI 回复到记忆
[2026-03-24 13:47:51] [INFO    ] 添加用户记忆: 14...
[2026-03-24 13:47:51] [INFO    ] 添加 AI 回复到记忆
[2026-03-24 13:47:52] [INFO    ] 添加用户记忆: 14...
[2026-03-24 13:47:52] [INFO    ] 添加 AI 回复到记忆
[2026-03-24 13:47:54] [INFO    ] 添加用户记忆: 14...
[2026-03-24 13:47:54] [INFO    ] 添加 AI 回复到记忆
[2026-03-24 13:47:57] [INFO    ] 添加用户记忆: woiani...
[2026-03-24 13:47:57] [INFO    ] 添加 AI 回复到记忆
[2026-03-24 13:48:01] [INFO    ] 添加用户记忆: 我爱你...
[2026-03-24 13:48:01] [INFO    ] 添加 AI 回复到记忆
[2026-03-24 13:48:18] [INFO    ] 添加用户记忆: 你的名字是图灵...
[2026-03-24 13:48:18] [INFO    ] 添加 AI 回复到记忆
[2026-03-24 13:55:35] [WARNING ] 无法加载 readline 模块，输入历史记录不可用
[2026-03-24 13:55:35] [INFO    ] CLI 已启动
[2026-03-24 17:40:35] [WARNING ] 无法加载 readline 模块，输入历史记录不可用
[2026-03-24 17:40:35] [INFO    ] CLI 已启动
[2026-03-24 17:40:40] [INFO    ] 添加用户记忆: dwq...
[2026-03-24 17:40:40] [INFO    ] 添加 AI 回复到记忆
[2026-03-24 17:40:47] [INFO    ] 添加用户记忆: 我是谁...
[2026-03-24 17:40:47] [INFO    ] 添加 AI 回复到记忆
[2026-03-24 17:41:19] [INFO    ] 添加用户记忆: 我是小李...
[2026-03-24 17:41:19] [INFO    ] 添加 AI 回复到记忆
[2026-03-24 17:41:30] [INFO    ] 添加用户记忆: 我是谁...
[2026-03-24 17:41:30] [INFO    ] 添加 AI 回复到记忆
[2026-03-24 17:41:48] [INFO    ] 添加用户记忆: 你不行啊...
[2026-03-24 17:41:48] [INFO    ] 添加 AI 回复到记忆
[2026-03-24 17:41:51] [INFO    ] 添加用户记忆: 去万达打球晚饭1...
[2026-03-24 17:41:51] [INFO    ] 添加 AI 回复到记忆
[2026-03-24 17:41:53] [INFO    ] 添加用户记忆: 熬清受淡1232让1213...
[2026-03-24 17:41:53] [INFO    ] 添加 AI 回复到记忆
[2026-03-24 17:41:57] [INFO    ] 添加用户记忆: 法亲2634应3r发3r2we...
[2026-03-24 17:41:57] [INFO    ] 添加 AI 回复到记忆
[2026-03-24 17:42:01] [INFO    ] 添加用户记忆: sddddddddddddddddddd...
[2026-03-24 17:42:01] [INFO    ] 添加 AI 回复到记忆
[2026-03-24 17:42:09] [DEBUG   ] 显示帮助信息
[2026-03-24 17:48:31] [WARNING ] 无法加载 readline 模块，输入历史记录不可用
[2026-03-24 17:48:31] [INFO    ] CLI 已启动
[2026-03-24 17:48:36] [INFO    ] 添加用户记忆: nihao...
[2026-03-24 17:48:37] [INFO    ] 添加 AI 回复到记忆
[2026-03-24 17:48:44] [INFO    ] 添加用户记忆: 我是谁...
[2026-03-24 17:48:44] [INFO    ] 添加 AI 回复到记忆
[2026-03-24 17:48:53] [INFO    ] 添加用户记忆: 我是小李...
[2026-03-24 17:48:54] [INFO    ] 添加 AI 回复到记忆
[2026-03-24 17:48:57] [INFO    ] 添加用户记忆: 我是谁...
[2026-03-24 17:48:58] [INFO    ] 添加 AI 回复到记忆
[2026-03-24 17:49:28] [INFO    ] 显示记忆列表，共 56 条
[2026-03-24 17:50:07] [WARNING ] 无法加载 readline 模块，输入历史记录不可用
[2026-03-24 17:50:07] [INFO    ] CLI 已启动
[2026-03-24 17:50:14] [INFO    ] 添加 AI 回复到记忆
[2026-03-24 17:50:29] [INFO    ] 添加 AI 回复到记忆
[2026-03-24 17:52:31] [WARNING ] 无法加载 readline 模块，输入历史记录不可用
[2026-03-24 17:52:31] [INFO    ] CLI 已启动
[2026-03-24 17:52:36] [INFO    ] 添加 AI 回复到记忆
[2026-03-24 17:52:42] [INFO    ] 添加 AI 回复到记忆
[2026-03-24 17:52:51] [INFO    ] 添加 AI 回复到记忆
[2026-03-24 17:54:04] [WARNING ] 无法加载 readline 模块，输入历史记录不可用
[2026-03-24 17:54:04] [INFO    ] CLI 已启动
[2026-03-24 17:54:30] [INFO    ] 添加 AI 回复到记忆
[2026-03-24 17:54:37] [INFO    ] 添加 AI 回复到记忆
[2026-03-24 17:56:40] [DEBUG   ] 显示帮助信息
[2026-03-24 17:56:46] [INFO    ] 显示统计信息: 总计=63, 用户=0, AI=0
[2026-03-24 17:58:09] [WARNING ] 无法加载 readline 模块，输入历史记录不可用
[2026-03-24 17:58:09] [INFO    ] CLI 已启动
[2026-03-24 17:58:23] [INFO    ] 添加 AI 回复到记忆
[2026-03-24 17:58:28] [INFO    ] 添加 AI 回复到记忆
[2026-03-24 17:58:35] [INFO    ] 添加 AI 回复到记忆
[2026-03-24 17:58:45] [INFO    ] 添加 AI 回复到记忆
[2026-03-24 17:58:51] [INFO    ] 添加 AI 回复到记忆
[2026-03-24 18:00:36] [WARNING ] 无法加载 readline 模块，输入历史记录不可用
[2026-03-24 18:00:36] [INFO    ] CLI 已启动
[2026-03-24 18:01:15] [INFO    ] 添加 AI 回复到记忆
[2026-03-24 18:01:21] [INFO    ] 添加 AI 回复到记忆
[2026-03-24 18:01:30] [INFO    ] 添加 AI 回复到记忆
[2026-03-24 18:01:34] [INFO    ] 添加 AI 回复到记忆
[2026-03-24 18:01:42] [INFO    ] 添加 AI 回复到记忆
[2026-03-24 18:01:52] [INFO    ] 添加 AI 回复到记忆
[2026-03-24 18:01:59] [INFO    ] 添加 AI 回复到记忆
[2026-03-24 18:02:08] [INFO    ] 添加 AI 回复到记忆
[2026-03-24 18:04:03] [WARNING ] 无法加载 readline 模块，输入历史记录不可用
[2026-03-24 18:04:03] [INFO    ] CLI 已启动
[2026-03-24 18:10:01] [WARNING ] 无法加载 readline 模块，输入历史记录不可用
[2026-03-24 18:10:01] [INFO    ] CLI 已启动
[2026-03-24 18:10:43] [INFO    ] 添加 AI 回复到记忆
[2026-03-24 18:12:26] [WARNING ] 无法加载 readline 模块，输入历史记录不可用
[2026-03-24 18:12:26] [INFO    ] CLI 已启动
[2026-03-24 18:12:55] [WARNING ] 无法加载 readline 模块，输入历史记录不可用
[2026-03-24 18:12:55] [INFO    ] CLI 已启动
[2026-03-24 18:12:59] [INFO    ] 添加 AI 回复到记忆
[2026-03-24 18:13:05] [INFO    ] 添加 AI 回复到记忆
[2026-03-24 18:13:16] [INFO    ] 添加 AI 回复到记忆
[2026-03-24 18:14:08] [INFO    ] 添加 AI 回复到记忆
[2026-03-24 18:14:37] [WARNING ] 无法加载 readline 模块，输入历史记录不可用
[2026-03-24 18:14:37] [INFO    ] CLI 已启动
[2026-03-24 18:14:42] [INFO    ] 添加 AI 回复到记忆
[2026-03-24 18:14:46] [INFO    ] 添加 AI 回复到记忆
[2026-03-24 18:14:50] [INFO    ] 添加 AI 回复到记忆
[2026-03-24 18:14:55] [INFO    ] 添加 AI 回复到记忆
[2026-03-24 18:15:02] [INFO    ] 添加 AI 回复到记忆
[2026-03-24 18:15:08] [INFO    ] 添加 AI 回复到记忆
[2026-03-24 18:15:12] [INFO    ] 添加 AI 回复到记忆
[2026-03-24 18:18:31] [WARNING ] 无法加载 readline 模块，输入历史记录不可用
[2026-03-24 18:18:31] [INFO    ] CLI 已启动
[2026-03-24 18:43:40] [WARNING ] 无法加载 readline 模块，输入历史记录不可用
[2026-03-24 18:43:40] [INFO    ] CLI 已启动
[2026-03-24 18:44:01] [WARNING ] 无法加载 readline 模块，输入历史记录不可用
[2026-03-24 18:44:01] [INFO    ] CLI 已启动
[2026-03-24 18:44:36] [WARNING ] 无法加载 readline 模块，输入历史记录不可用
[2026-03-24 18:44:36] [INFO    ] CLI 已启动
[2026-03-24 18:44:44] [INFO    ] 添加 AI 回复到记忆
[2026-03-24 18:44:49] [INFO    ] 添加 AI 回复到记忆
[2026-03-24 18:44:53] [INFO    ] 添加 AI 回复到记忆
[2026-03-24 18:44:57] [INFO    ] 添加 AI 回复到记忆
[2026-03-24 18:45:03] [INFO    ] 添加 AI 回复到记忆
[2026-03-24 18:45:32] [INFO    ] 添加 AI 回复到记忆
[2026-03-24 18:45:46] [INFO    ] 添加 AI 回复到记忆
[2026-03-24 18:45:50] [INFO    ] 添加 AI 回复到记忆
[2026-03-24 18:46:11] [INFO    ] 添加 AI 回复到记忆
[2026-03-24 18:46:21] [INFO    ] 添加 AI 回复到记忆
[2026-03-24 18:46:24] [INFO    ] 添加 AI 回复到记忆
[2026-03-24 18:46:31] [INFO    ] 添加 AI 回复到记忆
[2026-03-24 18:49:13] [WARNING ] 无法加载 readline 模块，输入历史记录不可用
[2026-03-24 18:49:13] [INFO    ] CLI 已启动
[2026-03-24 19:05:09] [INFO    ] 添加 AI 回复到记忆
[2026-03-24 19:05:16] [INFO    ] 添加 AI 回复到记忆
[2026-03-24 19:05:20] [INFO    ] 添加 AI 回复到记忆
[2026-03-24 19:05:24] [INFO    ] 添加 AI 回复到记忆
[2026-03-24 19:08:33] [WARNING ] 无法加载 readline 模块，输入历史记录不可用
[2026-03-24 19:08:33] [INFO    ] CLI 已启动
[2026-03-24 19:08:52] [INFO    ] 添加 AI 回复到记忆
[2026-03-24 19:09:05] [INFO    ] 添加 AI 回复到记忆
[2026-03-24 19:09:43] [INFO    ] 添加 AI 回复到记忆
[2026-03-24 19:10:19] [INFO    ] 添加 AI 回复到记忆
[2026-03-24 19:10:31] [INFO    ] 添加 AI 回复到记忆
[2026-03-24 19:12:01] [INFO    ] 添加 AI 回复到记忆
[2026-03-24 19:12:15] [INFO    ] 添加 AI 回复到记忆
[2026-03-24 19:12:48] [WARNING ] 无法加载 readline 模块，输入历史记录不可用
[2026-03-24 19:12:48] [INFO    ] CLI 已启动
[2026-03-24 19:13:22] [INFO    ] 添加 AI 回复到记忆
[2026-03-24 19:14:41] [WARNING ] 无法加载 readline 模块，输入历史记录不可用
[2026-03-24 19:14:41] [INFO    ] CLI 已启动
[2026-03-24 19:15:11] [INFO    ] 添加 AI 回复到记忆
[2026-03-24 19:15:45] [INFO    ] 添加 AI 回复到记忆
[2026-03-24 19:16:23] [INFO    ] 添加 AI 回复到记忆
[2026-03-24 19:17:52] [WARNING ] 无法加载 readline 模块，输入历史记录不可用
[2026-03-24 19:17:52] [INFO    ] CLI 已启动
[2026-03-24 19:18:16] [INFO    ] 添加 AI 回复到记忆
[2026-03-24 19:22:41] [WARNING ] 无法加载 readline 模块，输入历史记录不可用
[2026-03-24 19:22:41] [INFO    ] CLI 已启动
[2026-03-24 19:23:23] [INFO    ] 添加 AI 回复到记忆
[2026-03-24 19:25:03] [WARNING ] 无法加载 readline 模块，输入历史记录不可用
[2026-03-24 19:25:03] [INFO    ] CLI 已启动
[2026-03-24 19:25:32] [INFO    ] 添加 AI 回复到记忆
[2026-03-24 19:27:08] [WARNING ] 无法加载 readline 模块，输入历史记录不可用
[2026-03-24 19:27:08] [INFO    ] CLI 已启动
[2026-03-24 19:27:59] [INFO    ] 添加 AI 回复到记忆
[2026-03-24 19:28:58] [WARNING ] 无法加载 readline 模块，输入历史记录不可用
[2026-03-24 19:28:58] [INFO    ] CLI 已启动
[2026-03-24 19:29:50] [INFO    ] 添加 AI 回复到记忆
[2026-03-24 19:31:34] [WARNING ] 无法加载 readline 模块，输入历史记录不可用
[2026-03-24 19:31:34] [INFO    ] CLI 已启动
[2026-03-24 19:31:54] [INFO    ] 添加 AI 回复到记忆
[2026-03-24 19:32:59] [WARNING ] 无法加载 readline 模块，输入历史记录不可用
[2026-03-24 19:32:59] [INFO    ] CLI 已启动
[2026-03-24 19:33:08] [INFO    ] 添加 AI 回复到记忆
[2026-03-24 19:34:29] [INFO    ] 添加 AI 回复到记忆
[2026-03-24 19:34:44] [INFO    ] 添加 AI 回复到记忆
[2026-03-24 19:35:49] [WARNING ] 无法加载 readline 模块，输入历史记录不可用
[2026-03-24 19:35:49] [INFO    ] CLI 已启动
[2026-03-24 19:36:00] [INFO    ] 添加 AI 回复到记忆
[2026-03-24 19:36:19] [INFO    ] 添加 AI 回复到记忆
[2026-03-24 19:36:39] [INFO    ] 添加 AI 回复到记忆
[2026-03-24 19:36:56] [INFO    ] 添加 AI 回复到记忆
[2026-03-24 19:39:41] [WARNING ] 无法加载 readline 模块，输入历史记录不可用
[2026-03-24 19:39:41] [INFO    ] CLI 已启动
[2026-03-24 19:39:44] [INFO    ] 添加 AI 回复到记忆
[2026-03-24 19:40:06] [INFO    ] 添加 AI 回复到记忆
[2026-03-24 19:41:30] [INFO    ] 添加 AI 回复到记忆
[2026-03-24 19:41:53] [WARNING ] 无法加载 readline 模块，输入历史记录不可用
[2026-03-24 19:41:53] [INFO    ] CLI 已启动
[2026-03-24 19:41:58] [INFO    ] 添加 AI 回复到记忆
[2026-03-24 19:42:05] [INFO    ] 添加 AI 回复到记忆
[2026-03-24 19:46:29] [WARNING ] 无法加载 readline 模块，输入历史记录不可用
[2026-03-24 19:46:29] [INFO    ] CLI 已启动
[2026-03-24 19:46:34] [INFO    ] 添加 AI 回复到记忆
[2026-03-24 19:46:44] [INFO    ] 添加 AI 回复到记忆
[2026-03-24 19:47:01] [INFO    ] 添加 AI 回复到记忆
[2026-03-24 19:52:58] [WARNING ] 无法加载 readline 模块，输入历史记录不可用
[2026-03-24 19:52:58] [INFO    ] CLI 已启动
[2026-03-24 19:53:12] [INFO    ] 添加 AI 回复到记忆
[2026-03-24 19:53:19] [INFO    ] 添加 AI 回复到记忆
[2026-03-24 19:53:26] [INFO    ] 添加 AI 回复到记忆
[2026-03-24 19:56:16] [WARNING ] 无法加载 readline 模块，输入历史记录不可用
[2026-03-24 19:56:16] [INFO    ] CLI 已启动
[2026-03-24 19:56:20] [INFO    ] 添加 AI 回复到记忆
[2026-03-24 19:56:25] [INFO    ] 添加 AI 回复到记忆
[2026-03-24 20:06:50] [INFO    ] 添加 AI 回复到记忆
[2026-03-24 20:07:45] [WARNING ] 无法加载 readline 模块，输入历史记录不可用
[2026-03-24 20:07:45] [INFO    ] CLI 已启动
[2026-03-24 20:07:59] [INFO    ] 添加 AI 回复到记忆
[2026-03-24 20:08:12] [INFO    ] 添加 AI 回复到记忆
[2026-03-24 20:10:35] [WARNING ] 无法加载 readline 模块，输入历史记录不可用
[2026-03-24 20:10:35] [INFO    ] CLI 已启动
[2026-03-24 20:10:43] [INFO    ] 添加 AI 回复到记忆
[2026-03-24 20:10:49] [INFO    ] 添加 AI 回复到记忆
[2026-03-24 20:11:17] [INFO    ] 添加 AI 回复到记忆
[2026-03-24 20:12:49] [WARNING ] 无法加载 readline 模块，输入历史记录不可用
[2026-03-24 20:12:49] [INFO    ] CLI 已启动
[2026-03-24 20:12:53] [INFO    ] 添加 AI 回复到记忆
[2026-03-24 20:13:23] [INFO    ] 添加 AI 回复到记忆
[2026-03-24 20:13:55] [INFO    ] 添加 AI 回复到记忆
[2026-03-24 20:14:14] [INFO    ] 添加 AI 回复到记忆
[2026-03-24 20:14:49] [INFO    ] 添加 AI 回复到记忆
[2026-03-24 20:15:06] [DEBUG   ] 显示帮助信息
[2026-03-24 20:15:12] [INFO    ] 显示记忆列表，共 90 条
[2026-03-24 20:15:30] [WARNING ] 无法加载 readline 模块，输入历史记录不可用
[2026-03-24 20:15:30] [INFO    ] CLI 已启动
[2026-03-24 20:15:44] [INFO    ] 添加 AI 回复到记忆
[2026-03-24 20:15:50] [INFO    ] 添加 AI 回复到记忆
[2026-03-24 20:16:04] [INFO    ] 添加 AI 回复到记忆
[2026-03-24 20:17:45] [INFO    ] 添加 AI 回复到记忆
[2026-03-24 20:17:58] [INFO    ] 添加 AI 回复到记忆
[2026-03-24 20:19:56] [INFO    ] 添加 AI 回复到记忆
[2026-03-24 20:20:11] [WARNING ] 无法加载 readline 模块，输入历史记录不可用
[2026-03-24 20:20:11] [INFO    ] CLI 已启动
[2026-03-24 20:20:15] [INFO    ] 添加 AI 回复到记忆
[2026-03-24 20:20:28] [INFO    ] 添加 AI 回复到记忆
[2026-03-24 20:21:31] [INFO    ] 添加 AI 回复到记忆
[2026-03-24 20:21:37] [INFO    ] 添加 AI 回复到记忆
[2026-03-24 20:54:45] [WARNING ] 无法加载 readline 模块，输入历史记录不可用
[2026-03-24 20:54:45] [INFO    ] CLI 已启动
[2026-03-24 20:55:05] [INFO    ] 添加 AI 回复到记忆
[2026-03-24 20:55:36] [DEBUG   ] 显示帮助信息
[2026-03-24 20:57:15] [WARNING ] 无法加载 readline 模块，输入历史记录不可用
[2026-03-24 20:57:15] [INFO    ] CLI 已启动
[2026-03-24 20:57:32] [INFO    ] 添加 AI 回复到记忆
[2026-03-24 20:57:37] [INFO    ] 添加 AI 回复到记忆
[2026-03-24 20:58:09] [INFO    ] 添加 AI 回复到记忆
[2026-03-24 20:59:46] [INFO    ] 添加 AI 回复到记忆
[2026-03-24 22:05:38] [WARNING ] 无法加载 readline 模块，输入历史记录不可用
[2026-03-24 22:05:38] [INFO    ] CLI 已启动
[2026-03-24 22:05:54] [INFO    ] 添加 AI 回复到记忆
[2026-03-24 22:06:32] [INFO    ] 添加 AI 回复到记忆
[2026-03-24 22:07:20] [INFO    ] 添加 AI 回复到记忆
[2026-03-24 22:08:37] [INFO    ] 添加 AI 回复到记忆
[2026-03-24 22:08:49] [INFO    ] 添加 AI 回复到记忆
[2026-03-24 22:09:05] [INFO    ] 添加 AI 回复到记忆
[2026-03-24 22:11:20] [INFO    ] 添加 AI 回复到记忆
[2026-03-24 22:23:45] [WARNING ] 无法加载 readline 模块，输入历史记录不可用
[2026-03-24 22:23:45] [INFO    ] CLI 已启动
[2026-03-24 22:24:05] [INFO    ] 添加 AI 回复到记忆
[2026-03-24 22:25:33] [INFO    ] 添加 AI 回复到记忆
[2026-03-24 22:26:23] [INFO    ] 添加 AI 回复到记忆
[2026-03-24 22:27:25] [ERROR   ] CLI 运行时错误
Traceback (most recent call last):
  File "D:\ai\ai_learning_system\interface\cli.py", line 131, in start
    self.handle_command(self._convert_to_command(user_input))
    ~~~~~~~~~~~~~~~~~~~^^^^^^^^^^^^^^^^^^^^^^^^^^^^^^^^^^^^^^
  File "D:\ai\ai_learning_system\interface\cli.py", line 256, in handle_command
    self._handle_map()
    ~~~~~~~~~~~~~~~~^^
  File "D:\ai\ai_learning_system\interface\cli.py", line 426, in _handle_map
    realm_info = get_realm_info(location.realm_required)
                 ^^^^^^^^^^^^^^
NameError: name 'get_realm_info' is not defined. Did you mean: 'get_realm_icon'?

[2026-03-24 22:27:40] [INFO    ] 添加 AI 回复到记忆
[2026-03-24 22:34:48] [WARNING ] 无法加载 readline 模块，输入历史记录不可用
[2026-03-24 22:34:48] [INFO    ] CLI 已启动
[2026-03-24 22:34:58] [INFO    ] 添加 AI 回复到记忆
[2026-03-24 22:35:06] [INFO    ] 添加 AI 回复到记忆
[2026-03-24 22:35:35] [INFO    ] 添加 AI 回复到记忆
[2026-03-24 22:36:37] [WARNING ] 无法加载 readline 模块，输入历史记录不可用
[2026-03-24 22:36:37] [INFO    ] CLI 已启动
[2026-03-24 22:37:36] [INFO    ] 添加 AI 回复到记忆
[2026-03-24 22:38:12] [ERROR   ] CLI 运行时错误
Traceback (most recent call last):
  File "D:\ai\ai_learning_system\interface\cli.py", line 131, in start
    self.handle_command(self._convert_to_command(user_input))
    ~~~~~~~~~~~~~~~~~~~^^^^^^^^^^^^^^^^^^^^^^^^^^^^^^^^^^^^^^
  File "D:\ai\ai_learning_system\interface\cli.py", line 256, in handle_command
    self._handle_map()
    ~~~~~~~~~~~~~~~~^^
  File "D:\ai\ai_learning_system\interface\cli.py", line 426, in _handle_map
    realm_info = get_realm_info(location.realm_required)
                 ^^^^^^^^^^^^^^
NameError: name 'get_realm_info' is not defined. Did you mean: 'get_realm_icon'?

[2026-03-24 22:38:45] [DEBUG   ] 显示帮助信息
[2026-03-24 22:39:59] [WARNING ] 无法加载 readline 模块，输入历史记录不可用
[2026-03-24 22:39:59] [INFO    ] CLI 已启动
[2026-03-24 22:44:44] [WARNING ] 无法加载 readline 模块，输入历史记录不可用
[2026-03-24 22:45:26] [WARNING ] 无法加载 readline 模块，输入历史记录不可用
[2026-03-24 22:46:15] [WARNING ] 无法加载 readline 模块，输入历史记录不可用
[2026-03-24 22:46:15] [INFO    ] CLI 已启动
[2026-03-24 22:47:30] [INFO    ] 添加 AI 回复到记忆
[2026-03-24 23:01:43] [WARNING ] 无法加载 readline 模块，输入历史记录不可用
[2026-03-24 23:01:43] [INFO    ] CLI 已启动
[2026-03-24 23:02:34] [INFO    ] 添加 AI 回复到记忆
[2026-03-24 23:15:49] [WARNING ] 无法加载 readline 模块，输入历史记录不可用
[2026-03-24 23:15:49] [INFO    ] CLI 已启动
[2026-03-24 23:15:53] [DEBUG   ] 显示帮助信息
[2026-03-24 23:16:45] [INFO    ] 添加 AI 回复到记忆
[2026-03-24 23:27:20] [INFO    ] 成功从数据库加载玩家存档
[2026-03-24 23:27:20] [WARNING ] 无法加载 readline 模块，输入历史记录不可用
[2026-03-24 23:27:20] [INFO    ] CLI 已启动
[2026-03-24 23:31:11] [WARNING ] 无法加载 readline 模块，输入历史记录不可用
[2026-03-24 23:31:23] [INFO    ] 成功从数据库加载玩家存档
[2026-03-24 23:31:23] [WARNING ] 无法加载 readline 模块，输入历史记录不可用
[2026-03-24 23:31:53] [INFO    ] 成功从数据库加载玩家存档
[2026-03-24 23:31:53] [WARNING ] 无法加载 readline 模块，输入历史记录不可用
[2026-03-24 23:32:17] [INFO    ] 成功从数据库加载玩家存档
[2026-03-24 23:32:17] [WARNING ] 无法加载 readline 模块，输入历史记录不可用
[2026-03-24 23:32:17] [INFO    ] CLI 已启动
[2026-03-24 23:32:24] [INFO    ] 成功保存玩家存档到数据库
[2026-03-24 23:32:51] [INFO    ] 成功保存玩家存档到数据库
[2026-03-24 23:33:23] [INFO    ] 成功保存玩家存档到数据库
[2026-03-24 23:33:54] [INFO    ] 成功保存玩家存档到数据库
[2026-03-24 23:33:59] [INFO    ] 成功保存玩家存档到数据库
[2026-03-24 23:34:10] [INFO    ] 成功从数据库加载玩家存档
[2026-03-24 23:34:10] [WARNING ] 无法加载 readline 模块，输入历史记录不可用
[2026-03-24 23:34:10] [INFO    ] CLI 已启动
[2026-03-25 00:13:57] [INFO    ] 成功从数据库加载玩家存档
[2026-03-25 00:13:57] [WARNING ] 无法加载 readline 模块，输入历史记录不可用
[2026-03-25 00:13:57] [INFO    ] CLI 已启动
[2026-03-25 00:50:05] [INFO    ] 成功从数据库加载玩家存档
[2026-03-25 00:50:05] [WARNING ] 无法加载 readline 模块，输入历史记录不可用
[2026-03-25 00:50:05] [INFO    ] CLI 已启动
[2026-03-25 00:51:06] [DEBUG   ] 显示帮助信息
[2026-03-25 00:56:56] [INFO    ] 添加 AI 回复到记忆
[2026-03-25 00:58:21] [INFO    ] 成功从数据库加载玩家存档
[2026-03-25 00:58:21] [WARNING ] 无法加载 readline 模块，输入历史记录不可用
[2026-03-25 00:58:21] [INFO    ] CLI 已启动
[2026-03-25 01:00:48] [INFO    ] 成功从数据库加载玩家存档
[2026-03-25 01:00:48] [WARNING ] 无法加载 readline 模块，输入历史记录不可用
[2026-03-25 01:00:48] [INFO    ] CLI 已启动
[2026-03-25 01:12:10] [INFO    ] 成功从数据库加载玩家存档
[2026-03-25 01:12:10] [WARNING ] 无法加载 readline 模块，输入历史记录不可用
[2026-03-25 01:12:10] [INFO    ] CLI 已启动
[2026-03-25 01:13:15] [INFO    ] 成功保存玩家存档到数据库
[2026-03-25 01:20:14] [INFO    ] 添加 AI 回复到记忆
[2026-03-25 01:22:28] [INFO    ] 成功从数据库加载玩家存档
[2026-03-25 01:22:28] [WARNING ] 无法加载 readline 模块，输入历史记录不可用
[2026-03-25 01:22:28] [INFO    ] CLI 已启动
[2026-03-25 01:28:29] [INFO    ] 成功从数据库加载玩家存档
[2026-03-25 01:28:29] [WARNING ] 无法加载 readline 模块，输入历史记录不可用
[2026-03-25 01:28:29] [INFO    ] CLI 已启动
[2026-03-25 01:32:42] [INFO    ] 成功从数据库加载玩家存档
[2026-03-25 01:34:05] [INFO    ] 成功从数据库加载玩家存档
[2026-03-25 01:36:03] [INFO    ] 成功从数据库加载玩家存档
[2026-03-25 01:36:05] [WARNING ] 无法加载 readline 模块，输入历史记录不可用
[2026-03-25 01:36:05] [INFO    ] CLI 已启动
[2026-03-25 01:41:39] [INFO    ] 成功从数据库加载玩家存档
[2026-03-25 01:41:39] [WARNING ] 无法加载 readline 模块，输入历史记录不可用
[2026-03-25 01:41:39] [INFO    ] CLI 已启动
[2026-03-25 12:55:15] [INFO    ] 成功从数据库加载玩家存档
[2026-03-25 12:55:15] [WARNING ] 无法加载 readline 模块，输入历史记录不可用
[2026-03-25 12:55:15] [INFO    ] CLI 已启动
[2026-03-25 12:55:51] [DEBUG   ] 显示帮助信息
[2026-03-25 12:59:27] [INFO    ] 成功从数据库加载玩家存档
[2026-03-25 12:59:27] [WARNING ] 无法加载 readline 模块，输入历史记录不可用
[2026-03-25 12:59:27] [INFO    ] CLI 已启动
[2026-03-25 13:02:57] [INFO    ] 成功从数据库加载玩家存档
[2026-03-25 13:02:57] [WARNING ] 无法加载 readline 模块，输入历史记录不可用
[2026-03-25 13:02:57] [INFO    ] CLI 已启动
[2026-03-25 13:03:23] [INFO    ] 成功从数据库加载玩家存档
[2026-03-25 13:03:23] [WARNING ] 无法加载 readline 模块，输入历史记录不可用
[2026-03-25 13:03:23] [INFO    ] CLI 已启动
[2026-03-25 13:05:09] [INFO    ] 成功从数据库加载玩家存档
[2026-03-25 13:05:09] [WARNING ] 无法加载 readline 模块，输入历史记录不可用
[2026-03-25 13:05:09] [INFO    ] CLI 已启动
[2026-03-25 13:20:22] [DEBUG   ] 加载玩家数据: dict_keys(['stats', 'techniques', 'inventory', 'equipped'])
[2026-03-25 13:20:22] [DEBUG   ] 玩家状态: 境界=3, 层数=1, 位置=新手村
[2026-03-25 13:20:22] [INFO    ] 成功加载玩家存档: 测试玩家, 境界=金丹期, 位置=新手村
[2026-03-25 13:20:22] [WARNING ] 无法加载 readline 模块，输入历史记录不可用
[2026-03-25 13:20:22] [INFO    ] CLI 已启动
[2026-03-25 13:20:28] [DEBUG   ] 保存玩家数据: dict_keys(['stats', 'techniques', 'inventory', 'equipped'])
[2026-03-25 13:20:28] [DEBUG   ] 玩家状态: 境界=4, 层数=1, 位置=新手村
[2026-03-25 13:20:28] [INFO    ] 成功保存玩家存档: 测试玩家, 境界=元婴期, 位置=新手村
[2026-03-25 13:20:43] [DEBUG   ] 加载玩家数据: dict_keys(['stats', 'techniques', 'inventory', 'equipped'])
[2026-03-25 13:20:43] [DEBUG   ] 玩家状态: 境界=4, 层数=1, 位置=新手村
[2026-03-25 13:20:43] [INFO    ] 成功加载玩家存档: 测试玩家, 境界=元婴期, 位置=新手村
[2026-03-25 13:20:43] [WARNING ] 无法加载 readline 模块，输入历史记录不可用
[2026-03-25 13:20:43] [INFO    ] CLI 已启动
[2026-03-25 13:38:48] [DEBUG   ] 加载玩家数据: dict_keys(['stats', 'techniques', 'inventory', 'equipped'])
[2026-03-25 13:38:48] [DEBUG   ] 玩家状态: 境界=4, 层数=1, 位置=新手村
[2026-03-25 13:38:48] [INFO    ] 成功加载玩家存档: 测试玩家, 境界=元婴期, 位置=新手村
[2026-03-25 13:38:48] [WARNING ] 无法加载 readline 模块，输入历史记录不可用
[2026-03-25 13:38:48] [INFO    ] CLI 已启动
[2026-03-25 13:39:28] [DEBUG   ] 加载玩家数据: dict_keys(['stats', 'techniques', 'inventory', 'equipped'])
[2026-03-25 13:39:28] [DEBUG   ] 玩家状态: 境界=4, 层数=1, 位置=新手村
[2026-03-25 13:39:28] [INFO    ] 成功加载玩家存档: 测试玩家, 境界=元婴期, 位置=新手村
[2026-03-25 13:39:28] [WARNING ] 无法加载 readline 模块，输入历史记录不可用
[2026-03-25 13:39:28] [INFO    ] CLI 已启动
[2026-03-25 13:40:37] [INFO    ] 添加 AI 回复到记忆
[2026-03-25 13:41:42] [DEBUG   ] 保存玩家数据: dict_keys(['stats', 'techniques', 'inventory', 'equipped'])
[2026-03-25 13:41:47] [DEBUG   ] 加载玩家数据: dict_keys(['stats', 'techniques', 'inventory', 'equipped'])
[2026-03-25 13:41:47] [DEBUG   ] 玩家状态: 境界=4, 层数=1, 位置=新手村
[2026-03-25 13:41:47] [INFO    ] 成功加载玩家存档: 测试玩家, 境界=元婴期, 位置=新手村
[2026-03-25 13:41:47] [WARNING ] 无法加载 readline 模块，输入历史记录不可用
[2026-03-25 13:41:47] [INFO    ] CLI 已启动
[2026-03-25 13:42:37] [INFO    ] 添加 AI 回复到记忆
[2026-03-25 13:43:27] [INFO    ] 添加 AI 回复到记忆
[2026-03-25 13:46:12] [INFO    ] 添加 AI 回复到记忆
[2026-03-25 18:39:45] [DEBUG   ] 加载玩家数据: dict_keys(['stats', 'techniques', 'inventory', 'equipped'])
[2026-03-25 18:39:45] [DEBUG   ] 玩家状态: 境界=4, 层数=1, 位置=新手村
[2026-03-25 18:39:45] [INFO    ] 成功加载玩家存档: 测试玩家, 境界=元婴期, 位置=新手村
[2026-03-25 18:39:45] [WARNING ] 无法加载 readline 模块，输入历史记录不可用
[2026-03-25 18:39:45] [INFO    ] CLI 已启动
[2026-03-25 18:40:01] [ERROR   ] CLI 运行时错误
Traceback (most recent call last):
  File "D:\ai\ai_learning_system\interface\cli.py", line 267, in start
    self.handle_command(user_input)
    ~~~~~~~~~~~~~~~~~~~^^^^^^^^^^^^
  File "D:\ai\ai_learning_system\interface\cli.py", line 521, in handle_command
    self.combat_handler.handle_deathmatch(args)
    ~~~~~~~~~~~~~~~~~~~~~~~~~~~~~~~~~~~~~^^^^^^
  File "D:\ai\ai_learning_system\interface\handlers\combat_handler.py", line 126, in handle_deathmatch
    self._start_combat(target, CombatMode.DEATHMATCH)
    ~~~~~~~~~~~~~~~~~~^^^^^^^^^^^^^^^^^^^^^^^^^^^^^^^
  File "D:\ai\ai_learning_system\interface\handlers\combat_handler.py", line 145, in _start_combat
    enemy_unit = create_npc_combat_unit(target)
  File "D:\ai\ai_learning_system\game\combat.py", line 663, in create_npc_combat_unit
    level=npc.data.realm_level * 9 + random.randint(1, 9),
          ~~~~~~~~~~~~~~~~~~~~~~~~~^~~~~~~~~~~~~~~~~~~~~~
TypeError: can only concatenate str (not "int") to str

[2026-03-25 18:42:48] [DEBUG   ] 加载玩家数据: dict_keys(['stats', 'techniques', 'inventory', 'equipped'])
[2026-03-25 18:42:48] [DEBUG   ] 玩家状态: 境界=4, 层数=1, 位置=新手村
[2026-03-25 18:42:48] [INFO    ] 成功加载玩家存档: 测试玩家, 境界=元婴期, 位置=新手村
[2026-03-25 18:42:48] [WARNING ] 无法加载 readline 模块，输入历史记录不可用
[2026-03-25 18:42:48] [INFO    ] CLI 已启动
[2026-03-25 18:43:00] [ERROR   ] CLI 运行时错误
Traceback (most recent call last):
  File "D:\ai\ai_learning_system\interface\cli.py", line 267, in start
    self.handle_command(user_input)
    ~~~~~~~~~~~~~~~~~~~^^^^^^^^^^^^
  File "D:\ai\ai_learning_system\interface\cli.py", line 521, in handle_command
    self.combat_handler.handle_deathmatch(args)
    ~~~~~~~~~~~~~~~~~~~~~~~~~~~~~~~~~~~~~^^^^^^
  File "D:\ai\ai_learning_system\interface\handlers\combat_handler.py", line 126, in handle_deathmatch
    self._start_combat(target, CombatMode.DEATHMATCH)
    ~~~~~~~~~~~~~~~~~~^^^^^^^^^^^^^^^^^^^^^^^^^^^^^^^
  File "D:\ai\ai_learning_system\interface\handlers\combat_handler.py", line 145, in _start_combat
    enemy_unit = create_npc_combat_unit(target)
  File "D:\ai\ai_learning_system\game\combat.py", line 661, in create_npc_combat_unit
    realm_level = int(npc.data.realm_level) if isinstance(npc.data.realm_level, str) else npc.data.realm_level
                  ~~~^^^^^^^^^^^^^^^^^^^^^^
ValueError: invalid literal for int() with base 10: '凡人'

[2026-03-25 18:45:19] [DEBUG   ] 加载玩家数据: dict_keys(['stats', 'techniques', 'inventory', 'equipped'])
[2026-03-25 18:45:19] [DEBUG   ] 玩家状态: 境界=4, 层数=1, 位置=新手村
[2026-03-25 18:45:19] [INFO    ] 成功加载玩家存档: 测试玩家, 境界=元婴期, 位置=新手村
[2026-03-25 18:45:19] [WARNING ] 无法加载 readline 模块，输入历史记录不可用
[2026-03-25 18:45:19] [INFO    ] CLI 已启动
[2026-03-25 18:45:59] [ERROR   ] CLI 运行时错误
Traceback (most recent call last):
  File "D:\ai\ai_learning_system\interface\cli.py", line 267, in start
    self.handle_command(user_input)
    ~~~~~~~~~~~~~~~~~~~^^^^^^^^^^^^
  File "D:\ai\ai_learning_system\interface\cli.py", line 524, in handle_command
    self.combat_handler.handle_attack()
    ~~~~~~~~~~~~~~~~~~~~~~~~~~~~~~~~~^^
  File "D:\ai\ai_learning_system\interface\handlers\combat_handler.py", line 188, in handle_attack
    self._process_combat_result(result)
    ~~~~~~~~~~~~~~~~~~~~~~~~~~~^^^^^^^^
  File "D:\ai\ai_learning_system\interface\handlers\combat_handler.py", line 278, in _process_combat_result
    self._handle_combat_end(result)
    ~~~~~~~~~~~~~~~~~~~~~~~^^^^^^^^
  File "D:\ai\ai_learning_system\interface\handlers\combat_handler.py", line 310, in _handle_combat_end
    self.cli.clear_state('combat_mode_selection')
    ^^^^^^^^^^^^^^^^^^^^
AttributeError: 'CLI' object has no attribute 'clear_state'

[2026-03-25 18:47:41] [WARNING ] 无法加载 readline 模块，输入历史记录不可用
[2026-03-25 18:47:41] [DEBUG   ] 设置状态: test_state
[2026-03-25 18:47:41] [DEBUG   ] 清除状态: test_state
[2026-03-25 18:48:05] [DEBUG   ] 加载玩家数据: dict_keys(['stats', 'techniques', 'inventory', 'equipped'])
[2026-03-25 18:48:05] [DEBUG   ] 玩家状态: 境界=4, 层数=1, 位置=新手村
[2026-03-25 18:48:05] [INFO    ] 成功加载玩家存档: 测试玩家, 境界=元婴期, 位置=新手村
[2026-03-25 18:48:05] [WARNING ] 无法加载 readline 模块，输入历史记录不可用
[2026-03-25 18:48:05] [INFO    ] CLI 已启动
[2026-03-25 18:54:46] [DEBUG   ] 加载玩家数据: dict_keys(['stats', 'techniques', 'inventory', 'equipped'])
[2026-03-25 18:54:46] [DEBUG   ] 玩家状态: 境界=4, 层数=1, 位置=新手村
[2026-03-25 18:54:46] [INFO    ] 成功加载玩家存档: 测试玩家, 境界=元婴期, 位置=新手村
[2026-03-25 18:54:46] [WARNING ] 无法加载 readline 模块，输入历史记录不可用
[2026-03-25 18:54:46] [INFO    ] CLI 已启动
[2026-03-25 19:14:27] [WARNING ] 无法加载 readline 模块，输入历史记录不可用
[2026-03-25 19:14:27] [DEBUG   ] 设置状态: test
[2026-03-25 19:14:27] [DEBUG   ] 清除状态: test
[2026-03-25 19:16:28] [DEBUG   ] 加载玩家数据: dict_keys(['stats', 'techniques', 'inventory', 'equipped'])
[2026-03-25 19:16:28] [DEBUG   ] 玩家状态: 境界=4, 层数=1, 位置=新手村
[2026-03-25 19:16:28] [INFO    ] 成功加载玩家存档: 测试玩家, 境界=元婴期, 位置=新手村
[2026-03-25 19:16:29] [WARNING ] 无法加载 readline 模块，输入历史记录不可用
[2026-03-25 19:16:29] [INFO    ] CLI 已启动
[2026-03-25 19:17:13] [DEBUG   ] 设置状态: execution_pending
[2026-03-25 19:17:13] [ERROR   ] CLI 运行时错误
Traceback (most recent call last):
  File "D:\ai\ai_learning_system\interface\cli.py", line 316, in start
    self.handle_command(user_input)
    ~~~~~~~~~~~~~~~~~~~^^^^^^^^^^^^
  File "D:\ai\ai_learning_system\interface\cli.py", line 575, in handle_command
    self.combat_handler.handle_attack()
    ~~~~~~~~~~~~~~~~~~~~~~~~~~~~~~~~~^^
  File "D:\ai\ai_learning_system\interface\handlers\combat_handler.py", line 191, in handle_attack
    self._process_combat_result(result)
    ~~~~~~~~~~~~~~~~~~~~~~~~~~~^^^^^^^^
  File "D:\ai\ai_learning_system\interface\handlers\combat_handler.py", line 281, in _process_combat_result
    self._handle_combat_end(result)
    ~~~~~~~~~~~~~~~~~~~~~~~^^^^^^^^
  File "D:\ai\ai_learning_system\interface\handlers\combat_handler.py", line 299, in _handle_combat_end
    self._display_deathmatch_result(result) if result.mode == CombatMode.DEATHMATCH else self._display_spar_result(result)
    ~~~~~~~~~~~~~~~~~~~~~~~~~~~~~~~^^^^^^^^
  File "D:\ai\ai_learning_system\interface\handlers\combat_handler.py", line 473, in _display_deathmatch_result
    self._generate_and_save_materials(target)
    ~~~~~~~~~~~~~~~~~~~~~~~~~~~~~~~~~^^^^^^^^
  File "D:\ai\ai_learning_system\interface\handlers\combat_handler.py", line 535, in _generate_and_save_materials
    material_count = min(3, max(1, enemy_level // 10 + 1))
                                   ~~~~~~~~~~~~^^~~~
TypeError: unsupported operand type(s) for //: 'str' and 'int'

[2026-03-25 19:17:41] [ERROR   ] CLI 运行时错误
Traceback (most recent call last):
  File "D:\ai\ai_learning_system\interface\cli.py", line 316, in start
    self.handle_command(user_input)
    ~~~~~~~~~~~~~~~~~~~^^^^^^^^^^^^
  File "D:\ai\ai_learning_system\interface\cli.py", line 589, in handle_command
    self.combat_handler.handle_execute(args)
    ~~~~~~~~~~~~~~~~~~~~~~~~~~~~~~~~~~^^^^^^
TypeError: CombatHandler.handle_execute() takes 1 positional argument but 2 were given

[2026-03-25 19:19:10] [DEBUG   ] 加载玩家数据: dict_keys(['stats', 'techniques', 'inventory', 'equipped'])
[2026-03-25 19:19:10] [DEBUG   ] 玩家状态: 境界=4, 层数=1, 位置=新手村
[2026-03-25 19:19:10] [INFO    ] 成功加载玩家存档: 测试玩家, 境界=元婴期, 位置=新手村
[2026-03-25 19:19:10] [WARNING ] 无法加载 readline 模块，输入历史记录不可用
[2026-03-25 19:19:10] [INFO    ] CLI 已启动
[2026-03-25 19:19:24] [DEBUG   ] 设置状态: execution_pending
[2026-03-25 19:19:49] [ERROR   ] CLI 运行时错误
Traceback (most recent call last):
  File "D:\ai\ai_learning_system\interface\cli.py", line 316, in start
    self.handle_command(user_input)
    ~~~~~~~~~~~~~~~~~~~^^^^^^^^^^^^
  File "D:\ai\ai_learning_system\interface\cli.py", line 589, in handle_command
    self.combat_handler.handle_execute(args)
    ~~~~~~~~~~~~~~~~~~~~~~~~~~~~~~~~~~^^^^^^
TypeError: CombatHandler.handle_execute() takes 1 positional argument but 2 were given

[2026-03-25 19:22:41] [DEBUG   ] 加载玩家数据: dict_keys(['stats', 'techniques', 'inventory', 'equipped'])
[2026-03-25 19:22:41] [DEBUG   ] 玩家状态: 境界=4, 层数=1, 位置=新手村
[2026-03-25 19:22:41] [INFO    ] 成功加载玩家存档: 测试玩家, 境界=元婴期, 位置=新手村
[2026-03-25 19:22:41] [WARNING ] 无法加载 readline 模块，输入历史记录不可用
[2026-03-25 19:22:41] [INFO    ] CLI 已启动
[2026-03-25 19:22:51] [DEBUG   ] 设置状态: execution_pending
[2026-03-25 19:24:48] [DEBUG   ] 加载玩家数据: dict_keys(['stats', 'techniques', 'inventory', 'equipped'])
[2026-03-25 19:24:48] [DEBUG   ] 玩家状态: 境界=4, 层数=1, 位置=新手村
[2026-03-25 19:24:48] [INFO    ] 成功加载玩家存档: 测试玩家, 境界=元婴期, 位置=新手村
[2026-03-25 19:24:49] [WARNING ] 无法加载 readline 模块，输入历史记录不可用
[2026-03-25 19:24:49] [INFO    ] CLI 已启动
[2026-03-25 19:25:02] [DEBUG   ] 设置状态: execution_pending
[2026-03-25 19:25:16] [ERROR   ] CLI 运行时错误
Traceback (most recent call last):
  File "D:\ai\ai_learning_system\interface\cli.py", line 316, in start
    self.handle_command(user_input)
    ~~~~~~~~~~~~~~~~~~~^^^^^^^^^^^^
  File "D:\ai\ai_learning_system\interface\cli.py", line 589, in handle_command
    self.combat_handler.handle_execute(args)
    ~~~~~~~~~~~~~~~~~~~~~~~~~~~~~~~~~~^^^^^^
  File "D:\ai\ai_learning_system\interface\handlers\combat_handler.py", line 765, in handle_execute
    result = execution_system.execute_npc(npc, self.player)
  File "D:\ai\ai_learning_system\game\execution_system.py", line 137, in execute_npc
    reward_message = self._give_execution_rewards(player, npc)
  File "D:\ai\ai_learning_system\game\execution_system.py", line 300, in _give_execution_rewards
    spirit_stones = base_spirit_stones + realm_bonus
                    ~~~~~~~~~~~~~~~~~~~^~~~~~~~~~~~~
TypeError: unsupported operand type(s) for +: 'int' and 'str'

[2026-03-25 19:25:47] [DEBUG   ] 清除状态: execution_pending
[2026-03-25 19:25:59] [DEBUG   ] 设置状态: execution_pending
[2026-03-25 19:26:08] [DEBUG   ] 设置状态: execution_pending
[2026-03-25 19:26:11] [DEBUG   ] 清除状态: execution_pending
[2026-03-25 19:27:04] [DEBUG   ] 加载玩家数据: dict_keys(['stats', 'techniques', 'inventory', 'equipped'])
[2026-03-25 19:27:04] [DEBUG   ] 玩家状态: 境界=4, 层数=1, 位置=新手村
[2026-03-25 19:27:04] [INFO    ] 成功加载玩家存档: 测试玩家, 境界=元婴期, 位置=新手村
[2026-03-25 19:27:04] [WARNING ] 无法加载 readline 模块，输入历史记录不可用
[2026-03-25 19:27:04] [INFO    ] CLI 已启动
[2026-03-25 19:27:11] [DEBUG   ] 设置状态: execution_pending
[2026-03-25 19:27:20] [DEBUG   ] 清除状态: execution_pending
[2026-03-25 19:30:23] [DEBUG   ] 加载玩家数据: dict_keys(['stats', 'techniques', 'inventory', 'equipped'])
[2026-03-25 19:30:23] [DEBUG   ] 玩家状态: 境界=4, 层数=1, 位置=新手村
[2026-03-25 19:30:23] [INFO    ] 成功加载玩家存档: 测试玩家, 境界=元婴期, 位置=新手村
[2026-03-25 19:30:23] [WARNING ] 无法加载 readline 模块，输入历史记录不可用
[2026-03-25 19:30:23] [INFO    ] CLI 已启动
[2026-03-25 19:30:33] [DEBUG   ] 设置状态: execution_pending
[2026-03-25 19:30:37] [DEBUG   ] 清除状态: execution_pending
[2026-03-25 19:32:23] [DEBUG   ] 设置状态: execution_pending
[2026-03-25 19:33:28] [DEBUG   ] 设置状态: execution_pending
[2026-03-25 19:35:52] [DEBUG   ] 加载玩家数据: dict_keys(['stats', 'techniques', 'inventory', 'equipped'])
[2026-03-25 19:35:52] [DEBUG   ] 玩家状态: 境界=4, 层数=1, 位置=新手村
[2026-03-25 19:35:52] [INFO    ] 成功加载玩家存档: 测试玩家, 境界=元婴期, 位置=新手村
[2026-03-25 19:35:52] [WARNING ] 无法加载 readline 模块，输入历史记录不可用
[2026-03-25 19:35:52] [INFO    ] CLI 已启动
[2026-03-25 19:36:31] [DEBUG   ] 设置状态: execution_pending
[2026-03-25 19:36:40] [DEBUG   ] 清除状态: execution_pending
[2026-03-25 19:42:14] [INFO    ] 添加 AI 回复到记忆
[2026-03-25 20:06:14] [DEBUG   ] 加载玩家数据: dict_keys(['stats', 'techniques', 'inventory', 'equipped'])
[2026-03-25 20:06:14] [DEBUG   ] 玩家状态: 境界=4, 层数=1, 位置=新手村
[2026-03-25 20:06:14] [INFO    ] 成功加载玩家存档: 测试玩家, 境界=元婴期, 位置=新手村
[2026-03-25 20:06:14] [WARNING ] 无法加载 readline 模块，输入历史记录不可用
[2026-03-25 20:06:14] [INFO    ] CLI 已启动
[2026-03-25 20:07:50] [INFO    ] 添加 AI 回复到记忆
[2026-03-25 23:54:44] [DEBUG   ] 加载玩家数据: dict_keys(['stats', 'techniques', 'inventory', 'equipped'])
[2026-03-25 23:54:44] [DEBUG   ] 玩家状态: 境界=4, 层数=1, 位置=新手村
[2026-03-25 23:54:44] [INFO    ] 成功加载玩家存档: 测试玩家, 境界=元婴期, 位置=新手村
[2026-03-25 23:54:44] [WARNING ] 无法加载 readline 模块，输入历史记录不可用
[2026-03-25 23:54:44] [INFO    ] CLI 已启动
[2026-03-25 23:55:23] [DEBUG   ] 设置状态: execution_pending
[2026-03-25 23:55:33] [DEBUG   ] 清除状态: execution_pending
[2026-03-25 23:57:18] [ERROR   ] CLI 运行时错误
Traceback (most recent call last):
  File "D:\ai\ai_learning_system\interface\cli.py", line 322, in start
    self.handle_command(user_input)
    ~~~~~~~~~~~~~~~~~~~^^^^^^^^^^^^
  File "D:\ai\ai_learning_system\interface\cli.py", line 576, in handle_command
    self.npc_handler.handle_sects()
    ^^^^^^^^^^^^^^^^^^^^^^^^^^^^^
AttributeError: 'NPCHandler' object has no attribute 'handle_sects'

[2026-03-25 23:59:40] [DEBUG   ] 加载玩家数据: dict_keys(['stats', 'techniques', 'inventory', 'equipped'])
[2026-03-25 23:59:40] [DEBUG   ] 玩家状态: 境界=4, 层数=1, 位置=新手村
[2026-03-25 23:59:40] [INFO    ] 成功加载玩家存档: 测试玩家, 境界=元婴期, 位置=新手村
[2026-03-25 23:59:40] [WARNING ] 无法加载 readline 模块，输入历史记录不可用
[2026-03-25 23:59:40] [INFO    ] CLI 已启动
[2026-03-25 23:59:46] [ERROR   ] CLI 运行时错误
Traceback (most recent call last):
  File "D:\ai\ai_learning_system\interface\cli.py", line 322, in start
    self.handle_command(user_input)
    ~~~~~~~~~~~~~~~~~~~^^^^^^^^^^^^
  File "D:\ai\ai_learning_system\interface\cli.py", line 576, in handle_command
    self.npc_handler.handle_sects()
    ~~~~~~~~~~~~~~~~~~~~~~~~~~~~~^^
  File "D:\ai\ai_learning_system\interface\handlers\npc_handler.py", line 1060, in handle_sects
    for relation in SECT_RELATIONSHIPS[:5]:  # 最多显示5个关系
                    ~~~~~~~~~~~~~~~~~~^^^^
KeyError: slice(None, 5, None)

[2026-03-26 00:05:50] [DEBUG   ] 加载玩家数据: dict_keys(['stats', 'techniques', 'inventory', 'equipped'])
[2026-03-26 00:05:50] [DEBUG   ] 玩家状态: 境界=4, 层数=1, 位置=新手村
[2026-03-26 00:05:50] [INFO    ] 成功加载玩家存档: 测试玩家, 境界=元婴期, 位置=新手村
[2026-03-26 00:05:51] [WARNING ] 无法加载 readline 模块，输入历史记录不可用
[2026-03-26 00:05:51] [INFO    ] CLI 已启动
[2026-03-26 00:05:55] [ERROR   ] CLI 运行时错误
Traceback (most recent call last):
  File "D:\ai\ai_learning_system\interface\cli.py", line 322, in start
    self.handle_command(user_input)
    ~~~~~~~~~~~~~~~~~~~^^^^^^^^^^^^
  File "D:\ai\ai_learning_system\interface\cli.py", line 576, in handle_command
    self.npc_handler.handle_sects()
    ~~~~~~~~~~~~~~~~~~~~~~~~~~~~~^^
  File "D:\ai\ai_learning_system\interface\handlers\npc_handler.py", line 1140, in handle_sects
    friendly_relations = [r for r in relations_data if r.get('relation') in ['友好', '同盟', '合作']]
                                                       ^^^^^
AttributeError: 'tuple' object has no attribute 'get'

[2026-03-26 00:09:21] [DEBUG   ] 加载玩家数据: dict_keys(['stats', 'techniques', 'inventory', 'equipped'])
[2026-03-26 00:09:21] [DEBUG   ] 玩家状态: 境界=4, 层数=1, 位置=新手村
[2026-03-26 00:09:21] [INFO    ] 成功加载玩家存档: 测试玩家, 境界=元婴期, 位置=新手村
[2026-03-26 00:15:19] [DEBUG   ] 加载玩家数据: dict_keys(['stats', 'techniques', 'inventory', 'equipped'])
[2026-03-26 00:15:19] [DEBUG   ] 玩家状态: 境界=4, 层数=1, 位置=新手村
[2026-03-26 00:15:19] [INFO    ] 成功加载玩家存档: 测试玩家, 境界=元婴期, 位置=新手村
[2026-03-26 00:18:38] [DEBUG   ] 加载玩家数据: dict_keys(['stats', 'techniques', 'inventory', 'equipped'])
[2026-03-26 00:18:38] [DEBUG   ] 玩家状态: 境界=4, 层数=1, 位置=新手村
[2026-03-26 00:18:38] [INFO    ] 成功加载玩家存档: 测试玩家, 境界=元婴期, 位置=新手村
[2026-03-26 00:18:39] [WARNING ] 无法加载 readline 模块，输入历史记录不可用
[2026-03-26 00:18:39] [INFO    ] CLI 已启动
[2026-03-26 00:24:36] [ERROR   ] CLI 运行时错误
Traceback (most recent call last):
  File "D:\ai\ai_learning_system\interface\cli.py", line 322, in start
    self.handle_command(user_input)
    ~~~~~~~~~~~~~~~~~~~^^^^^^^^^^^^
  File "D:\ai\ai_learning_system\interface\cli.py", line 576, in handle_command
    self.npc_handler.handle_sects()
    ~~~~~~~~~~~~~~~~~~~~~~~~~~~~~^^
  File "D:\ai\ai_learning_system\interface\handlers\npc_handler.py", line 1140, in handle_sects
    friendly_relations = [r for r in relations_data if r.get('relation') in ['友好', '同盟', '合作']]
                                                       ^^^^^
AttributeError: 'tuple' object has no attribute 'get'

[2026-03-26 00:24:41] [ERROR   ] CLI 运行时错误
Traceback (most recent call last):
  File "D:\ai\ai_learning_system\interface\cli.py", line 322, in start
    self.handle_command(user_input)
    ~~~~~~~~~~~~~~~~~~~^^^^^^^^^^^^
  File "D:\ai\ai_learning_system\interface\cli.py", line 576, in handle_command
    self.npc_handler.handle_sects()
    ~~~~~~~~~~~~~~~~~~~~~~~~~~~~~^^
  File "D:\ai\ai_learning_system\interface\handlers\npc_handler.py", line 1140, in handle_sects
    friendly_relations = [r for r in relations_data if r.get('relation') in ['友好', '同盟', '合作']]
                                                       ^^^^^
AttributeError: 'tuple' object has no attribute 'get'

[2026-03-26 00:26:25] [DEBUG   ] 加载玩家数据: dict_keys(['stats', 'techniques', 'inventory', 'equipped'])
[2026-03-26 00:26:25] [DEBUG   ] 玩家状态: 境界=4, 层数=1, 位置=新手村
[2026-03-26 00:26:25] [INFO    ] 成功加载玩家存档: 测试玩家, 境界=元婴期, 位置=新手村
[2026-03-26 00:26:25] [WARNING ] 无法加载 readline 模块，输入历史记录不可用
[2026-03-26 00:26:25] [INFO    ] CLI 已启动
[2026-03-26 00:28:39] [DEBUG   ] 加载玩家数据: dict_keys(['stats', 'techniques', 'inventory', 'equipped'])
[2026-03-26 00:28:39] [DEBUG   ] 玩家状态: 境界=4, 层数=1, 位置=新手村
[2026-03-26 00:28:39] [INFO    ] 成功加载玩家存档: 测试玩家, 境界=元婴期, 位置=新手村
[2026-03-26 00:28:39] [WARNING ] 无法加载 readline 模块，输入历史记录不可用
[2026-03-26 00:28:39] [INFO    ] CLI 已启动
[2026-03-26 00:29:55] [DEBUG   ] 加载玩家数据: dict_keys(['stats', 'techniques', 'inventory', 'equipped'])
[2026-03-26 00:29:55] [DEBUG   ] 玩家状态: 境界=4, 层数=1, 位置=新手村
[2026-03-26 00:29:55] [INFO    ] 成功加载玩家存档: 测试玩家, 境界=元婴期, 位置=新手村
[2026-03-26 00:29:55] [WARNING ] 无法加载 readline 模块，输入历史记录不可用
[2026-03-26 00:29:55] [INFO    ] CLI 已启动
[2026-03-26 00:30:06] [ERROR   ] CLI 运行时错误
Traceback (most recent call last):
  File "D:\ai\ai_learning_system\interface\cli.py", line 324, in start
    self.handle_command(user_input)
    ~~~~~~~~~~~~~~~~~~~^^^^^^^^^^^^
  File "D:\ai\ai_learning_system\interface\cli.py", line 578, in handle_command
    self.npc_handler.handle_sects()
    ~~~~~~~~~~~~~~~~~~~~~~~~~~~~~^^
  File "D:\ai\ai_learning_system\interface\handlers\npc_handler.py", line 1140, in handle_sects
    friendly_relations = [r for r in relations_data if r.get('relation') in ['友好', '同盟', '合作']]
                                                       ^^^^^
AttributeError: 'tuple' object has no attribute 'get'

[2026-03-26 00:30:34] [DEBUG   ] 保存玩家数据: dict_keys(['stats', 'techniques', 'inventory', 'equipped'])
[2026-03-26 00:30:34] [DEBUG   ] 玩家状态: 境界=4, 层数=1, 位置=新手村
[2026-03-26 00:30:34] [INFO    ] 成功保存玩家存档: 测试玩家, 境界=元婴期, 位置=新手村
[2026-03-26 00:30:55] [DEBUG   ] 保存玩家数据: dict_keys(['stats', 'techniques', 'inventory', 'equipped'])
[2026-03-26 00:30:55] [DEBUG   ] 玩家状态: 境界=0, 层数=1, 位置=新手村
[2026-03-26 00:30:55] [INFO    ] 成功保存玩家存档: 21312, 境界=凡人, 位置=新手村
[2026-03-26 00:31:06] [DEBUG   ] 保存玩家数据: dict_keys(['stats', 'techniques', 'inventory', 'equipped'])
[2026-03-26 00:31:06] [DEBUG   ] 玩家状态: 境界=0, 层数=1, 位置=新手村
[2026-03-26 00:31:06] [INFO    ] 成功保存玩家存档: 21312, 境界=凡人, 位置=新手村
[2026-03-26 00:31:16] [ERROR   ] CLI 运行时错误
Traceback (most recent call last):
  File "D:\ai\ai_learning_system\interface\cli.py", line 322, in start
    self.handle_command(self._convert_to_command(user_input))
    ~~~~~~~~~~~~~~~~~~~^^^^^^^^^^^^^^^^^^^^^^^^^^^^^^^^^^^^^^
  File "D:\ai\ai_learning_system\interface\cli.py", line 467, in handle_command
    self.cultivation_handler.handle_status()
    ~~~~~~~~~~~~~~~~~~~~~~~~~~~~~~~~~~~~~~^^
  File "D:\ai\ai_learning_system\interface\handlers\cultivation_handler.py", line 141, in handle_status
    'max_exp': self.player.stats.max_exp,
               ^^^^^^^^^^^^^^^^^^^^^^^^^
AttributeError: 'PlayerStats' object has no attribute 'max_exp'

[2026-03-26 00:31:21] [ERROR   ] CLI 运行时错误
Traceback (most recent call last):
  File "D:\ai\ai_learning_system\interface\cli.py", line 324, in start
    self.handle_command(user_input)
    ~~~~~~~~~~~~~~~~~~~^^^^^^^^^^^^
  File "D:\ai\ai_learning_system\interface\cli.py", line 467, in handle_command
    self.cultivation_handler.handle_status()
    ~~~~~~~~~~~~~~~~~~~~~~~~~~~~~~~~~~~~~~^^
  File "D:\ai\ai_learning_system\interface\handlers\cultivation_handler.py", line 141, in handle_status
    'max_exp': self.player.stats.max_exp,
               ^^^^^^^^^^^^^^^^^^^^^^^^^
AttributeError: 'PlayerStats' object has no attribute 'max_exp'

[2026-03-26 00:33:59] [DEBUG   ] 加载玩家数据: dict_keys(['stats', 'techniques', 'inventory', 'equipped'])
[2026-03-26 00:33:59] [DEBUG   ] 玩家状态: 境界=0, 层数=1, 位置=新手村
[2026-03-26 00:33:59] [INFO    ] 成功加载玩家存档: 21312, 境界=凡人, 位置=新手村
[2026-03-26 00:33:59] [WARNING ] 无法加载 readline 模块，输入历史记录不可用
[2026-03-26 00:33:59] [INFO    ] CLI 已启动
[2026-03-26 00:38:01] [DEBUG   ] 加载玩家数据: dict_keys(['stats', 'techniques', 'inventory', 'equipped'])
[2026-03-26 00:38:01] [DEBUG   ] 玩家状态: 境界=0, 层数=1, 位置=新手村
[2026-03-26 00:38:01] [INFO    ] 成功加载玩家存档: 21312, 境界=凡人, 位置=新手村
[2026-03-26 00:38:01] [INFO    ] 热更新系统已初始化
[2026-03-26 00:38:01] [DEBUG   ] 输入历史记录已启用
[2026-03-26 00:38:01] [INFO    ] CLI 已启动
[2026-03-26 00:42:05] [DEBUG   ] 保存玩家数据: dict_keys(['stats', 'techniques', 'inventory', 'equipped'])
[2026-03-26 00:42:05] [DEBUG   ] 玩家状态: 境界=0, 层数=1, 位置=新手村
[2026-03-26 00:42:05] [INFO    ] 成功保存玩家存档: 21312, 境界=凡人, 位置=新手村
[2026-03-26 00:42:05] [INFO    ] 用户执行退出命令
[2026-03-26 00:42:30] [DEBUG   ] 加载玩家数据: dict_keys(['stats', 'techniques', 'inventory', 'equipped'])
[2026-03-26 00:42:30] [DEBUG   ] 玩家状态: 境界=0, 层数=1, 位置=新手村
[2026-03-26 00:42:30] [INFO    ] 成功加载玩家存档: 21312, 境界=凡人, 位置=新手村
[2026-03-26 00:42:30] [INFO    ] 热更新系统已初始化
[2026-03-26 00:42:30] [DEBUG   ] 输入历史记录已启用
[2026-03-26 00:42:30] [INFO    ] CLI 已启动
[2026-03-26 00:43:38] [INFO    ] 添加 AI 回复到记忆
[2026-03-26 00:48:57] [DEBUG   ] 加载玩家数据: dict_keys(['stats', 'techniques', 'inventory', 'equipped'])
[2026-03-26 00:48:57] [DEBUG   ] 玩家状态: 境界=0, 层数=1, 位置=新手村
[2026-03-26 00:48:57] [INFO    ] 成功加载玩家存档: 21312, 境界=凡人, 位置=新手村
[2026-03-26 00:48:57] [INFO    ] 热更新系统已初始化
[2026-03-26 00:48:57] [DEBUG   ] 输入历史记录已启用
[2026-03-26 00:48:57] [INFO    ] CLI 已启动
[2026-03-26 00:51:15] [DEBUG   ] 加载玩家数据: dict_keys(['stats', 'techniques', 'inventory', 'equipped'])
[2026-03-26 00:51:15] [DEBUG   ] 玩家状态: 境界=0, 层数=1, 位置=新手村
[2026-03-26 00:51:15] [INFO    ] 成功加载玩家存档: 21312, 境界=凡人, 位置=新手村
[2026-03-26 00:51:15] [INFO    ] 热更新系统已初始化
[2026-03-26 00:51:15] [DEBUG   ] 输入历史记录已启用
[2026-03-26 00:51:15] [INFO    ] CLI 已启动
[2026-03-26 00:53:07] [INFO    ] 添加 AI 回复到记忆
[2026-03-26 00:55:23] [DEBUG   ] 保存玩家数据: dict_keys(['stats', 'techniques', 'inventory', 'equipped'])
[2026-03-26 00:55:23] [DEBUG   ] 玩家状态: 境界=0, 层数=1, 位置=新手村
[2026-03-26 00:55:23] [INFO    ] 成功保存玩家存档: 21312, 境界=凡人, 位置=新手村
[2026-03-26 00:55:23] [INFO    ] 用户执行退出命令
[2026-03-26 00:59:43] [DEBUG   ] 加载玩家数据: dict_keys(['stats', 'techniques', 'inventory', 'equipped'])
[2026-03-26 00:59:43] [DEBUG   ] 玩家状态: 境界=0, 层数=1, 位置=新手村
[2026-03-26 00:59:43] [INFO    ] 成功加载玩家存档: 21312, 境界=凡人, 位置=新手村
[2026-03-26 00:59:43] [INFO    ] 热更新系统已初始化
[2026-03-26 00:59:43] [DEBUG   ] 输入历史记录已启用
[2026-03-26 00:59:43] [INFO    ] CLI 已启动
[2026-03-26 01:01:18] [DEBUG   ] 保存玩家数据: dict_keys(['stats', 'techniques', 'inventory', 'equipped'])
[2026-03-26 01:01:18] [DEBUG   ] 玩家状态: 境界=0, 层数=1, 位置=新手村
[2026-03-26 01:01:18] [INFO    ] 成功保存玩家存档: 21312, 境界=凡人, 位置=新手村
[2026-03-26 01:01:18] [INFO    ] 用户执行退出命令
[2026-03-26 01:01:36] [DEBUG   ] 加载玩家数据: dict_keys(['stats', 'techniques', 'inventory', 'equipped'])
[2026-03-26 01:01:36] [DEBUG   ] 玩家状态: 境界=0, 层数=1, 位置=新手村
[2026-03-26 01:01:36] [INFO    ] 成功加载玩家存档: 21312, 境界=凡人, 位置=新手村
[2026-03-26 01:01:38] [INFO    ] 热更新系统已初始化
[2026-03-26 01:01:38] [DEBUG   ] 输入历史记录已启用
[2026-03-26 01:01:38] [INFO    ] CLI 已启动
[2026-03-26 01:02:33] [ERROR   ] 处理消息失败
Traceback (most recent call last):
  File "D:\ai\ai_learning_system\interface\cli.py", line 935, in process_message
    self.memory_manager.add_memory(response, source="ai")
    ~~~~~~~~~~~~~~~~~~~~~~~~~~~~~~^^^^^^^^^^^^^^^^^^^^^^^
  File "D:\ai\ai_learning_system\main.py", line 61, in add_memory
    result = self._memory_manager.add_memory(content, source)
  File "D:\ai\ai_learning_system\core\memory.py", line 42, in add_memory
    privacy_check = self.privacy_detector.detect(content)
                    ^^^^^^^^^^^^^^^^^^^^^^^^^^^^
AttributeError: 'PrivacyDetector' object has no attribute 'detect'

[2026-03-26 01:03:32] [DEBUG   ] 保存玩家数据: dict_keys(['stats', 'techniques', 'inventory', 'equipped'])
[2026-03-26 01:03:32] [DEBUG   ] 玩家状态: 境界=0, 层数=1, 位置=新手村
[2026-03-26 01:03:32] [INFO    ] 成功保存玩家存档: 21312, 境界=凡人, 位置=新手村
[2026-03-26 01:03:32] [INFO    ] 用户执行退出命令
[2026-03-26 01:03:44] [DEBUG   ] 加载玩家数据: dict_keys(['stats', 'techniques', 'inventory', 'equipped'])
[2026-03-26 01:03:44] [DEBUG   ] 玩家状态: 境界=0, 层数=1, 位置=新手村
[2026-03-26 01:03:44] [INFO    ] 成功加载玩家存档: 21312, 境界=凡人, 位置=新手村
[2026-03-26 01:03:44] [INFO    ] 热更新系统已初始化
[2026-03-26 01:03:44] [DEBUG   ] 输入历史记录已启用
[2026-03-26 01:03:44] [INFO    ] CLI 已启动
[2026-03-26 01:04:34] [ERROR   ] 处理消息失败
Traceback (most recent call last):
  File "D:\ai\ai_learning_system\interface\cli.py", line 935, in process_message
    self.memory_manager.add_memory(response, source="ai")
    ~~~~~~~~~~~~~~~~~~~~~~~~~~~~~~^^^^^^^^^^^^^^^^^^^^^^^
  File "D:\ai\ai_learning_system\main.py", line 61, in add_memory
    result = self._memory_manager.add_memory(content, source)
  File "D:\ai\ai_learning_system\core\memory.py", line 43, in add_memory
    privacy_check = self.privacy_detector.detect(content)
                    ^^^^^^^^^^^^^^^^^^^^^^^^^^^^
AttributeError: 'PrivacyDetector' object has no attribute 'detect'

[2026-03-26 01:06:19] [DEBUG   ] 保存玩家数据: dict_keys(['stats', 'techniques', 'inventory', 'equipped'])
[2026-03-26 01:06:19] [DEBUG   ] 玩家状态: 境界=0, 层数=1, 位置=新手村
[2026-03-26 01:06:19] [INFO    ] 成功保存玩家存档: 21312, 境界=凡人, 位置=新手村
[2026-03-26 01:06:19] [INFO    ] 用户执行退出命令
[2026-03-26 01:06:36] [DEBUG   ] 加载玩家数据: dict_keys(['stats', 'techniques', 'inventory', 'equipped'])
[2026-03-26 01:06:36] [DEBUG   ] 玩家状态: 境界=0, 层数=1, 位置=新手村
[2026-03-26 01:06:36] [INFO    ] 成功加载玩家存档: 21312, 境界=凡人, 位置=新手村
[2026-03-26 01:06:36] [INFO    ] 热更新系统已初始化
[2026-03-26 01:06:36] [DEBUG   ] 输入历史记录已启用
[2026-03-26 01:06:36] [INFO    ] CLI 已启动
[2026-03-26 01:07:54] [ERROR   ] 处理消息失败
Traceback (most recent call last):
  File "D:\ai\ai_learning_system\interface\cli.py", line 935, in process_message
    self.memory_manager.add_memory(response, source="ai")
    ~~~~~~~~~~~~~~~~~~~~~~~~~~~~~~^^^^^^^^^^^^^^^^^^^^^^^
  File "D:\ai\ai_learning_system\main.py", line 61, in add_memory
    result = self._memory_manager.add_memory(content, source)
  File "D:\ai\ai_learning_system\core\memory.py", line 49, in add_memory
    importance = self.selector.evaluate_importance(content)
                 ^^^^^^^^^^^^^^^^^^^^^^^^^^^^^^^^^
AttributeError: 'Selector' object has no attribute 'evaluate_importance'. Did you mean: 'calculate_importance'?

[2026-03-26 01:10:33] [DEBUG   ] 保存玩家数据: dict_keys(['stats', 'techniques', 'inventory', 'equipped'])
[2026-03-26 01:10:33] [DEBUG   ] 玩家状态: 境界=0, 层数=1, 位置=新手村
[2026-03-26 01:10:33] [INFO    ] 成功保存玩家存档: 21312, 境界=凡人, 位置=新手村
[2026-03-26 01:10:33] [INFO    ] 用户执行退出命令
[2026-03-26 01:10:43] [DEBUG   ] 加载玩家数据: dict_keys(['stats', 'techniques', 'inventory', 'equipped'])
[2026-03-26 01:10:43] [DEBUG   ] 玩家状态: 境界=0, 层数=1, 位置=新手村
[2026-03-26 01:10:43] [INFO    ] 成功加载玩家存档: 21312, 境界=凡人, 位置=新手村
[2026-03-26 01:10:43] [INFO    ] 热更新系统已初始化
[2026-03-26 01:10:43] [DEBUG   ] 输入历史记录已启用
[2026-03-26 01:10:43] [INFO    ] CLI 已启动
[2026-03-26 01:11:33] [ERROR   ] 处理消息失败
Traceback (most recent call last):
  File "D:\ai\ai_learning_system\interface\cli.py", line 935, in process_message
    self.memory_manager.add_memory(response, source="ai")
    ~~~~~~~~~~~~~~~~~~~~~~~~~~~~~~^^^^^^^^^^^^^^^^^^^^^^^
  File "D:\ai\ai_learning_system\main.py", line 61, in add_memory
    result = self._memory_manager.add_memory(content, source)
  File "D:\ai\ai_learning_system\core\memory.py", line 70, in add_memory
    memory = Memory(
        content=content,
    ...<3 lines>...
        retention_days=retention_days
    )
TypeError: Memory.__init__() missing 6 required positional arguments: 'id', 'category', 'created_at', 'last_accessed', 'access_count', and 'privacy_level'

[2026-03-26 01:12:07] [DEBUG   ] 保存玩家数据: dict_keys(['stats', 'techniques', 'inventory', 'equipped'])
[2026-03-26 01:12:07] [DEBUG   ] 玩家状态: 境界=0, 层数=1, 位置=新手村
[2026-03-26 01:12:07] [INFO    ] 成功保存玩家存档: 21312, 境界=凡人, 位置=新手村
[2026-03-26 01:12:07] [INFO    ] 用户执行退出命令
[2026-03-26 01:14:29] [DEBUG   ] 加载玩家数据: dict_keys(['stats', 'techniques', 'inventory', 'equipped'])
[2026-03-26 01:14:29] [DEBUG   ] 玩家状态: 境界=0, 层数=1, 位置=新手村
[2026-03-26 01:14:29] [INFO    ] 成功加载玩家存档: 21312, 境界=凡人, 位置=新手村
[2026-03-26 01:14:29] [INFO    ] 热更新系统已初始化
[2026-03-26 01:14:29] [DEBUG   ] 输入历史记录已启用
[2026-03-26 01:14:29] [INFO    ] CLI 已启动
[2026-03-26 01:15:15] [ERROR   ] 处理消息失败
Traceback (most recent call last):
  File "D:\ai\ai_learning_system\interface\cli.py", line 935, in process_message
    self.memory_manager.add_memory(response, source="ai")
    ~~~~~~~~~~~~~~~~~~~~~~~~~~~~~~^^^^^^^^^^^^^^^^^^^^^^^
  File "D:\ai\ai_learning_system\main.py", line 61, in add_memory
    result = self._memory_manager.add_memory(content, source)
  File "D:\ai\ai_learning_system\core\memory.py", line 84, in add_memory
    memory_id = self.database.insert_memory(memory)
                ^^^^^^^^^^^^^^^^^^^^^^^^^^^
AttributeError: 'Database' object has no attribute 'insert_memory'. Did you mean: 'get_memory'?

[2026-03-26 01:17:31] [DEBUG   ] 保存玩家数据: dict_keys(['stats', 'techniques', 'inventory', 'equipped'])
[2026-03-26 01:17:31] [DEBUG   ] 玩家状态: 境界=0, 层数=1, 位置=新手村
[2026-03-26 01:17:31] [INFO    ] 成功保存玩家存档: 21312, 境界=凡人, 位置=新手村
[2026-03-26 01:17:31] [INFO    ] 用户执行退出命令
[2026-03-26 01:17:42] [DEBUG   ] 加载玩家数据: dict_keys(['stats', 'techniques', 'inventory', 'equipped'])
[2026-03-26 01:17:42] [DEBUG   ] 玩家状态: 境界=0, 层数=1, 位置=新手村
[2026-03-26 01:17:42] [INFO    ] 成功加载玩家存档: 21312, 境界=凡人, 位置=新手村
[2026-03-26 01:17:42] [INFO    ] 热更新系统已初始化
[2026-03-26 01:17:42] [DEBUG   ] 输入历史记录已启用
[2026-03-26 01:17:42] [INFO    ] CLI 已启动
[2026-03-26 01:18:32] [INFO    ] 添加 AI 回复到记忆
[2026-03-26 01:18:55] [INFO    ] 添加 AI 回复到记忆
[2026-03-26 01:19:49] [INFO    ] 添加 AI 回复到记忆
[2026-03-26 01:23:47] [INFO    ] 添加 AI 回复到记忆
[2026-03-26 01:27:02] [DEBUG   ] 保存玩家数据: dict_keys(['stats', 'techniques', 'inventory', 'equipped'])
[2026-03-26 01:27:02] [DEBUG   ] 玩家状态: 境界=0, 层数=1, 位置=新手村
[2026-03-26 01:27:02] [INFO    ] 成功保存玩家存档: 21312, 境界=凡人, 位置=新手村
[2026-03-26 01:27:02] [INFO    ] 用户执行退出命令
[2026-03-27 13:04:24] [DEBUG   ] 加载玩家数据: dict_keys(['stats', 'techniques', 'inventory', 'equipped'])
[2026-03-27 13:04:24] [DEBUG   ] 玩家状态: 境界=0, 层数=1, 位置=新手村
[2026-03-27 13:04:24] [INFO    ] 成功加载玩家存档: 21312, 境界=凡人, 位置=新手村
[2026-03-27 13:04:54] [DEBUG   ] 加载玩家数据: dict_keys(['stats', 'techniques', 'inventory', 'equipped'])
[2026-03-27 13:04:54] [DEBUG   ] 玩家状态: 境界=0, 层数=1, 位置=新手村
[2026-03-27 13:04:54] [INFO    ] 成功加载玩家存档: 21312, 境界=凡人, 位置=新手村
[2026-03-27 13:05:20] [DEBUG   ] 加载玩家数据: dict_keys(['stats', 'techniques', 'inventory', 'equipped'])
[2026-03-27 13:05:20] [DEBUG   ] 玩家状态: 境界=0, 层数=1, 位置=新手村
[2026-03-27 13:05:20] [INFO    ] 成功加载玩家存档: 21312, 境界=凡人, 位置=新手村
[2026-03-27 13:05:20] [INFO    ] 热更新系统已初始化
[2026-03-27 13:05:20] [DEBUG   ] 输入历史记录已启用
[2026-03-27 13:05:20] [INFO    ] CLI 已启动
[2026-03-27 13:20:31] [DEBUG   ] 加载玩家数据: dict_keys(['stats', 'techniques', 'inventory', 'equipped'])
[2026-03-27 13:20:31] [DEBUG   ] 玩家状态: 境界=0, 层数=1, 位置=新手村
[2026-03-27 13:20:31] [INFO    ] 成功加载玩家存档: 21312, 境界=凡人, 位置=新手村
[2026-03-27 13:20:31] [INFO    ] 热更新系统已初始化
[2026-03-27 13:20:31] [DEBUG   ] 输入历史记录已启用
[2026-03-27 13:20:31] [INFO    ] CLI 已启动
[2026-03-27 13:21:03] [ERROR   ] CLI 运行时错误
Traceback (most recent call last):
  File "D:\ai\ai_learning_system\interface\cli.py", line 353, in start
    self.handle_command(user_input)
    ~~~~~~~~~~~~~~~~~~~^^^^^^^^^^^^
  File "D:\ai\ai_learning_system\interface\cli.py", line 575, in handle_command
    self.npc_handler.handle_chat(args)
    ~~~~~~~~~~~~~~~~~~~~~~~~~~~~^^^^^^
  File "D:\ai\ai_learning_system\interface\handlers\npc_handler.py", line 161, in handle_chat
    chat_panel.add_line(f"{colorize('你:', UITheme.TEXT_PRIMARY)} {message}")
                                           ^^^^^^^^^^^^^^^^^^^^
AttributeError: type object 'UITheme' has no attribute 'TEXT_PRIMARY'. Did you mean: 'TITLE_PRIMARY'?

[2026-03-27 13:21:36] [DEBUG   ] 保存玩家数据: dict_keys(['stats', 'techniques', 'inventory', 'equipped'])
[2026-03-27 13:21:36] [DEBUG   ] 玩家状态: 境界=0, 层数=1, 位置=新手村
[2026-03-27 13:21:36] [INFO    ] 成功保存玩家存档: 21312, 境界=凡人, 位置=新手村
[2026-03-27 13:21:36] [INFO    ] 用户执行退出命令
[2026-03-27 13:22:45] [DEBUG   ] 加载玩家数据: dict_keys(['stats', 'techniques', 'inventory', 'equipped'])
[2026-03-27 13:22:45] [DEBUG   ] 玩家状态: 境界=0, 层数=1, 位置=新手村
[2026-03-27 13:22:45] [INFO    ] 成功加载玩家存档: 21312, 境界=凡人, 位置=新手村
[2026-03-27 13:22:45] [INFO    ] 热更新系统已初始化
[2026-03-27 13:22:45] [DEBUG   ] 输入历史记录已启用
[2026-03-27 13:22:45] [INFO    ] CLI 已启动
[2026-03-27 13:24:02] [DEBUG   ] 保存玩家数据: dict_keys(['stats', 'techniques', 'inventory', 'equipped'])
[2026-03-27 13:24:02] [DEBUG   ] 玩家状态: 境界=0, 层数=1, 位置=新手村
[2026-03-27 13:24:02] [INFO    ] 成功保存玩家存档: 21312, 境界=凡人, 位置=新手村
[2026-03-27 13:24:02] [INFO    ] 用户执行退出命令
[2026-03-27 13:25:47] [DEBUG   ] 加载玩家数据: dict_keys(['stats', 'techniques', 'inventory', 'equipped'])
[2026-03-27 13:25:47] [DEBUG   ] 玩家状态: 境界=0, 层数=1, 位置=新手村
[2026-03-27 13:25:47] [INFO    ] 成功加载玩家存档: 21312, 境界=凡人, 位置=新手村
[2026-03-27 13:25:47] [INFO    ] 热更新系统已初始化
[2026-03-27 13:25:47] [DEBUG   ] 输入历史记录已启用
[2026-03-27 13:25:47] [INFO    ] CLI 已启动
[2026-03-27 18:25:43] [DEBUG   ] 加载玩家数据: dict_keys(['stats', 'techniques', 'inventory', 'equipped'])
[2026-03-27 18:25:43] [DEBUG   ] 玩家状态: 境界=0, 层数=1, 位置=新手村
[2026-03-27 18:25:43] [INFO    ] 成功加载玩家存档: 21312, 境界=凡人, 位置=新手村
[2026-03-27 18:25:43] [INFO    ] 热更新系统已初始化
[2026-03-27 18:25:44] [DEBUG   ] 输入历史记录已启用
[2026-03-27 18:29:04] [DEBUG   ] 加载玩家数据: dict_keys(['stats', 'techniques', 'inventory', 'equipped'])
[2026-03-27 18:29:04] [DEBUG   ] 玩家状态: 境界=0, 层数=1, 位置=新手村
[2026-03-27 18:29:04] [INFO    ] 成功加载玩家存档: 21312, 境界=凡人, 位置=新手村
[2026-03-27 18:29:04] [INFO    ] 热更新系统已初始化
[2026-03-27 18:29:04] [DEBUG   ] 输入历史记录已启用
[2026-03-27 18:29:04] [INFO    ] CLI 已启动
[2026-03-27 18:33:19] [DEBUG   ] 保存玩家数据: dict_keys(['stats', 'techniques', 'inventory', 'equipped'])
[2026-03-27 18:33:19] [DEBUG   ] 玩家状态: 境界=0, 层数=1, 位置=新手村
[2026-03-27 18:33:19] [INFO    ] 成功保存玩家存档: 21312, 境界=凡人, 位置=新手村
[2026-03-27 18:33:19] [INFO    ] 用户执行退出命令
[2026-03-27 18:49:38] [DEBUG   ] 加载玩家数据: dict_keys(['stats', 'techniques', 'inventory', 'equipped'])
[2026-03-27 18:49:38] [DEBUG   ] 玩家状态: 境界=0, 层数=1, 位置=新手村
[2026-03-27 18:49:38] [INFO    ] 成功加载玩家存档: 21312, 境界=凡人, 位置=新手村
[2026-03-27 18:49:38] [INFO    ] 热更新系统已初始化
[2026-03-27 18:49:38] [DEBUG   ] 输入历史记录已启用
[2026-03-27 18:49:38] [INFO    ] CLI 已启动
[2026-03-27 18:57:59] [DEBUG   ] 保存玩家数据: dict_keys(['stats', 'techniques', 'inventory', 'equipped'])
[2026-03-27 18:57:59] [DEBUG   ] 玩家状态: 境界=0, 层数=1, 位置=新手村
[2026-03-27 18:58:00] [INFO    ] 成功保存玩家存档: 21312, 境界=凡人, 位置=新手村
[2026-03-27 18:58:00] [INFO    ] 用户执行退出命令
[2026-03-28 23:14:44] [DEBUG   ] 加载玩家数据: dict_keys(['stats', 'techniques', 'inventory', 'equipped'])
[2026-03-28 23:14:44] [DEBUG   ] 玩家状态: 境界=0, 层数=1, 位置=新手村
[2026-03-28 23:14:44] [INFO    ] 成功加载玩家存档: 21312, 境界=凡人, 位置=新手村
[2026-03-28 23:14:45] [INFO    ] 热更新系统已初始化
[2026-03-28 23:14:45] [DEBUG   ] 输入历史记录已启用
[2026-03-28 23:14:45] [INFO    ] CLI 已启动
[2026-03-30 22:18:53] [DEBUG   ] 加载玩家数据: dict_keys(['stats', 'techniques', 'inventory', 'equipped'])
[2026-03-30 22:18:53] [DEBUG   ] 玩家状态: 境界=0, 层数=1, 位置=新手村
[2026-03-30 22:18:53] [INFO    ] 成功加载玩家存档: 21312, 境界=凡人, 位置=新手村
[2026-03-30 22:18:53] [INFO    ] 热更新系统已初始化
[2026-03-30 22:18:53] [DEBUG   ] 输入历史记录已启用
[2026-03-30 22:18:53] [INFO    ] CLI 已启动
[2026-03-30 22:21:09] [DEBUG   ] 保存玩家数据: dict_keys(['stats', 'techniques', 'inventory', 'equipped'])
[2026-03-30 22:21:09] [DEBUG   ] 玩家状态: 境界=0, 层数=1, 位置=新手村
[2026-03-30 22:21:09] [INFO    ] 成功保存玩家存档: 21312, 境界=凡人, 位置=新手村
[2026-03-30 22:21:09] [INFO    ] 用户执行退出命令
[2026-03-30 22:21:14] [DEBUG   ] 加载玩家数据: dict_keys(['stats', 'techniques', 'inventory', 'equipped'])
[2026-03-30 22:21:14] [DEBUG   ] 玩家状态: 境界=0, 层数=1, 位置=新手村
[2026-03-30 22:21:14] [INFO    ] 成功加载玩家存档: 21312, 境界=凡人, 位置=新手村
[2026-03-30 22:21:14] [INFO    ] 热更新系统已初始化
[2026-03-30 22:21:14] [DEBUG   ] 输入历史记录已启用
[2026-03-30 22:21:14] [INFO    ] CLI 已启动
[2026-03-30 22:21:35] [DEBUG   ] 保存玩家数据: dict_keys(['stats', 'techniques', 'inventory', 'equipped'])
[2026-03-30 22:21:35] [DEBUG   ] 玩家状态: 境界=0, 层数=1, 位置=新手村
[2026-03-30 22:21:35] [INFO    ] 成功保存玩家存档: 21312, 境界=凡人, 位置=新手村
[2026-03-30 22:21:35] [INFO    ] 用户执行退出命令
